==============================================================================
Suites                                                                        
==============================================================================
Suites.SeleniumTestTemplate                                                   
==============================================================================
Right user empty password                                             | PASS |
------------------------------------------------------------------------------
Right user wrong password                                             | PASS |
------------------------------------------------------------------------------
Wrong user right password                                             | PASS |
------------------------------------------------------------------------------
Wrong user empty password                                             | PASS |
------------------------------------------------------------------------------
Wrong user wrong password                                             | PASS |
------------------------------------------------------------------------------
Suites.SeleniumTestTemplate                                           | PASS |
5 tests, 5 passed, 0 failed
==============================================================================
Suites                                                                | PASS |
5 tests, 5 passed, 0 failed
==============================================================================
Output:  C:\Users\danitc\PycharmProjects\RobotFrameworkTestProject\Output\pabot_results\1\output.xml
